<?xml version="1.0" encoding="UTF-8"?>
<robot generator="Robot 7.2.2 (Python 3.9.21 on linux)" generated="2025-06-23T21:10:50.724314" rpa="false" schemaversion="5">
<suite id="s1" name="Login" source="/home/demopq/Desktop/Robot_040_NS/Bases/Testcase/login.robot">
<test id="s1-t1" name="Login" line="13">
<kw name="Open Browser" owner="SeleniumLibrary">
<msg time="2025-06-23T21:10:50.964221" level="INFO">Opening browser 'chrome' to base url 'https://192.168.10.1/'.</msg>
<arg>${url}</arg>
<arg>${browser}</arg>
<doc>Opens a new browser instance to the optional ``url``.</doc>
<status status="PASS" start="2025-06-23T21:10:50.962675" elapsed="1.132661"/>
</kw>
<kw name="Maximize Browser Window" owner="SeleniumLibrary">
<doc>Maximizes current browser window.</doc>
<status status="PASS" start="2025-06-23T21:10:52.098046" elapsed="0.032378"/>
</kw>
<kw name="loginWebgui">
<kw name="Click Button" owner="SeleniumLibrary">
<msg time="2025-06-23T21:10:52.136609" level="INFO">Clicking button 'id:details-button'.</msg>
<arg>id:details-button</arg>
<doc>Clicks the button identified by ``locator``.</doc>
<status status="PASS" start="2025-06-23T21:10:52.135076" elapsed="0.071848"/>
</kw>
<kw name="Click Link" owner="SeleniumLibrary">
<msg time="2025-06-23T21:10:52.209034" level="INFO">Clicking link 'id:proceed-link'.</msg>
<arg>id:proceed-link</arg>
<doc>Clicks a link identified by ``locator``.</doc>
<status status="PASS" start="2025-06-23T21:10:52.207847" elapsed="0.268725"/>
</kw>
<kw name="Input Text" owner="SeleniumLibrary">
<msg time="2025-06-23T21:10:52.478208" level="INFO">Typing text 'admin' into text field 'id:username'.</msg>
<arg>id:username</arg>
<arg>${username}</arg>
<doc>Types the given ``text`` into the text field identified by ``locator``.</doc>
<status status="PASS" start="2025-06-23T21:10:52.477223" elapsed="0.059046"/>
</kw>
<kw name="Input Text" owner="SeleniumLibrary">
<msg time="2025-06-23T21:10:52.538535" level="INFO">Typing text 'ttcn@99CN' into text field 'id:password'.</msg>
<arg>id:password</arg>
<arg>${password}</arg>
<doc>Types the given ``text`` into the text field identified by ``locator``.</doc>
<status status="PASS" start="2025-06-23T21:10:52.537232" elapsed="0.059323"/>
</kw>
<kw name="Click Button" owner="SeleniumLibrary">
<msg time="2025-06-23T21:10:52.599090" level="INFO">Clicking button 'id:loginbutton'.</msg>
<arg>id:loginbutton</arg>
<doc>Clicks the button identified by ``locator``.</doc>
<status status="PASS" start="2025-06-23T21:10:52.597886" elapsed="0.062364"/>
</kw>
<status status="PASS" start="2025-06-23T21:10:52.133088" elapsed="0.527770"/>
</kw>
<kw name="logoutwebgui">
<kw name="Sleep" owner="BuiltIn">
<msg time="2025-06-23T21:10:55.664441" level="INFO">Slept 3 seconds.</msg>
<arg>3</arg>
<doc>Pauses the test executed for the given time.</doc>
<status status="PASS" start="2025-06-23T21:10:52.663216" elapsed="3.002083"/>
</kw>
<kw name="Select Frame" owner="SeleniumLibrary">
<msg time="2025-06-23T21:10:55.667064" level="INFO">Selecting frame 'header'.</msg>
<arg>header</arg>
<doc>Sets frame identified by ``locator`` as the current frame.</doc>
<status status="PASS" start="2025-06-23T21:10:55.666136" elapsed="0.026972"/>
</kw>
<kw name="Click Element" owner="SeleniumLibrary">
<msg time="2025-06-23T21:10:55.694312" level="INFO">Clicking element 'xpath://*[@id="logOut"]/font'.</msg>
<arg>xpath://*[@id="logOut"]/font</arg>
<doc>Click the element identified by ``locator``.</doc>
<status status="PASS" start="2025-06-23T21:10:55.693647" elapsed="0.248286"/>
</kw>
<kw name="Unselect Frame" owner="SeleniumLibrary">
<doc>Sets the main frame as the current frame.</doc>
<status status="PASS" start="2025-06-23T21:10:55.942649" elapsed="0.138957"/>
</kw>
<status status="PASS" start="2025-06-23T21:10:52.661760" elapsed="3.420356"/>
</kw>
<kw name="Close Browser" owner="SeleniumLibrary">
<doc>Closes the current browser.</doc>
<status status="PASS" start="2025-06-23T21:10:56.082773" elapsed="0.062603"/>
</kw>
<status status="PASS" start="2025-06-23T21:10:50.959732" elapsed="5.186951"/>
</test>
<status status="PASS" start="2025-06-23T21:10:50.729089" elapsed="5.421078"/>
</suite>
<statistics>
<total>
<stat pass="1" fail="0" skip="0">All Tests</stat>
</total>
<tag>
</tag>
<suite>
<stat name="Login" id="s1" pass="1" fail="0" skip="0">Login</stat>
</suite>
</statistics>
<errors>
</errors>
</robot>
