<?xml version="1.0" encoding="UTF-8"?>
<robot generator="Robot 7.2.2 (Python 3.9.21 on linux)" generated="2025-03-31T22:18:17.745296" rpa="false" schemaversion="5">
<suite id="s1" name="Robot 040 NS" source="/home/demopq/Desktop/Robot_040_NS">
<suite id="s1-s1" name="Bases" source="/home/demopq/Desktop/Robot_040_NS/Bases">
<suite id="s1-s1-s1" name="Login" source="/home/demopq/Desktop/Robot_040_NS/Bases/Login">
<suite id="s1-s1-s1-s1" name="Login" source="/home/demopq/Desktop/Robot_040_NS/Bases/Login/login.robot">
<test id="s1-s1-s1-s1-t1" name="Login" line="11">
<kw name="Open Browser" owner="SeleniumLibrary">
<msg time="2025-03-31T22:18:17.818450" level="INFO">Opening browser 'chrome' to base url 'https://192.168.10.1/'.</msg>
<arg>https://192.168.10.1/</arg>
<arg>chrome</arg>
<doc>Opens a new browser instance to the optional ``url``.</doc>
<status status="PASS" start="2025-03-31T22:18:17.818203" elapsed="1.592095"/>
</kw>
<kw name="Maximize Browser Window" owner="SeleniumLibrary">
<doc>Maximizes current browser window.</doc>
<status status="PASS" start="2025-03-31T22:18:19.410882" elapsed="0.022976"/>
</kw>
<kw name="Click Button" owner="SeleniumLibrary">
<msg time="2025-03-31T22:18:19.435695" level="INFO">Clicking button 'id:details-button'.</msg>
<arg>id:details-button</arg>
<doc>Clicks the button identified by ``locator``.</doc>
<status status="PASS" start="2025-03-31T22:18:19.434512" elapsed="0.068850"/>
</kw>
<kw name="Click Link" owner="SeleniumLibrary">
<msg time="2025-03-31T22:18:19.504030" level="INFO">Clicking link 'id:proceed-link'.</msg>
<arg>id:proceed-link</arg>
<doc>Clicks a link identified by ``locator``.</doc>
<status status="PASS" start="2025-03-31T22:18:19.503697" elapsed="0.255249"/>
</kw>
<kw name="Input Text" owner="SeleniumLibrary">
<msg time="2025-03-31T22:18:19.759836" level="INFO">Typing text 'admin' into text field 'id:username'.</msg>
<arg>id:username</arg>
<arg>${username}</arg>
<doc>Types the given ``text`` into the text field identified by ``locator``.</doc>
<status status="PASS" start="2025-03-31T22:18:19.759340" elapsed="0.055157"/>
</kw>
<kw name="Input Text" owner="SeleniumLibrary">
<msg time="2025-03-31T22:18:19.815251" level="INFO">Typing text 'ttcn@99CN' into text field 'id:password'.</msg>
<arg>id:password</arg>
<arg>${password}</arg>
<doc>Types the given ``text`` into the text field identified by ``locator``.</doc>
<status status="PASS" start="2025-03-31T22:18:19.814853" elapsed="0.052207"/>
</kw>
<kw name="Click Button" owner="SeleniumLibrary">
<msg time="2025-03-31T22:18:19.868213" level="INFO">Clicking button 'id:loginbutton'.</msg>
<arg>id:loginbutton</arg>
<doc>Clicks the button identified by ``locator``.</doc>
<status status="PASS" start="2025-03-31T22:18:19.867753" elapsed="0.053616"/>
</kw>
<status status="PASS" start="2025-03-31T22:18:17.817384" elapsed="2.104411"/>
</test>
<status status="PASS" start="2025-03-31T22:18:17.761033" elapsed="2.161597"/>
</suite>
<status status="PASS" start="2025-03-31T22:18:17.760207" elapsed="2.163503"/>
</suite>
<status status="PASS" start="2025-03-31T22:18:17.759448" elapsed="2.165228"/>
</suite>
<status status="PASS" start="2025-03-31T22:18:17.747634" elapsed="2.177678"/>
</suite>
<statistics>
<total>
<stat pass="1" fail="0" skip="0">All Tests</stat>
</total>
<tag>
</tag>
<suite>
<stat name="Robot 040 NS" id="s1" pass="1" fail="0" skip="0">Robot 040 NS</stat>
<stat name="Bases" id="s1-s1" pass="1" fail="0" skip="0">Robot 040 NS.Bases</stat>
<stat name="Login" id="s1-s1-s1" pass="1" fail="0" skip="0">Robot 040 NS.Bases.Login</stat>
<stat name="Login" id="s1-s1-s1-s1" pass="1" fail="0" skip="0">Robot 040 NS.Bases.Login.Login</stat>
</suite>
</statistics>
<errors>
</errors>
</robot>
